c:\users\agafontsev semyon\documents\visual studio 2015\projects\d3d11nt\d3d11nt\release\vc140.pdb
c:\users\agafontsev semyon\documents\visual studio 2015\projects\d3d11nt\d3d11nt\release\multisampleutils.obj
c:\users\agafontsev semyon\documents\visual studio 2015\projects\d3d11nt\d3d11nt\release\memutils.obj
c:\users\agafontsev semyon\documents\visual studio 2015\projects\d3d11nt\d3d11nt\release\d3d11nt.obj
c:\users\agafontsev semyon\documents\visual studio 2015\projects\d3d11nt\d3d11nt\release\window.obj
c:\users\agafontsev semyon\documents\visual studio 2015\projects\d3d11nt\d3d11nt\release\texture2d.obj
c:\users\agafontsev semyon\documents\visual studio 2015\projects\d3d11nt\d3d11nt\release\smallchunkallocator.obj
c:\users\agafontsev semyon\documents\visual studio 2015\projects\d3d11nt\d3d11nt\release\renderset.obj
c:\users\agafontsev semyon\documents\visual studio 2015\projects\d3d11nt\d3d11nt\release\memorymanager.obj
c:\users\agafontsev semyon\documents\visual studio 2015\projects\d3d11nt\d3d11nt\release\log.obj
c:\users\agafontsev semyon\documents\visual studio 2015\projects\d3d11nt\d3d11nt\release\iniserializable.obj
c:\users\agafontsev semyon\documents\visual studio 2015\projects\d3d11nt\d3d11nt\release\inifile.obj
c:\users\agafontsev semyon\documents\visual studio 2015\projects\d3d11nt\d3d11nt\release\graphicsviewport.obj
c:\users\agafontsev semyon\documents\visual studio 2015\projects\d3d11nt\d3d11nt\release\graphicsswapchain.obj
c:\users\agafontsev semyon\documents\visual studio 2015\projects\d3d11nt\d3d11nt\release\graphicssurface.obj
c:\users\agafontsev semyon\documents\visual studio 2015\projects\d3d11nt\d3d11nt\release\graphicsoptions.obj
c:\users\agafontsev semyon\documents\visual studio 2015\projects\d3d11nt\d3d11nt\release\graphicsdevice.obj
c:\users\agafontsev semyon\documents\visual studio 2015\projects\d3d11nt\d3d11nt\release\displayadapterslist.obj
c:\users\agafontsev semyon\documents\visual studio 2015\projects\d3d11nt\d3d11nt\release\commandlineargs.obj
c:\users\agafontsev semyon\documents\visual studio 2015\projects\d3d11nt\d3d11nt\release\bigchunkallocator.obj
c:\users\agafontsev semyon\documents\visual studio 2015\projects\d3d11nt\d3d11nt\release\d3d11nt.pch
c:\users\agafontsev semyon\documents\visual studio 2015\projects\d3d11nt\d3d11nt\release\stdafx.obj
c:\users\agafontsev semyon\documents\visual studio 2015\projects\d3d11nt\d3d11nt\release\strutils.obj
c:\users\agafontsev semyon\documents\visual studio 2015\projects\d3d11nt\d3d11nt\release\errorcodesinterpreteutil.obj
c:\users\agafontsev semyon\documents\visual studio 2015\projects\d3d11nt\release\d3d11nt.exe
c:\users\agafontsev semyon\documents\visual studio 2015\projects\d3d11nt\release\d3d11nt.ipdb
c:\users\agafontsev semyon\documents\visual studio 2015\projects\d3d11nt\release\d3d11nt.iobj
c:\users\agafontsev semyon\documents\visual studio 2015\projects\d3d11nt\release\d3d11nt.pdb
c:\users\agafontsev semyon\documents\visual studio 2015\projects\d3d11nt\d3d11nt\release\initializeinfo.obj
c:\users\agafontsev semyon\documents\visual studio 2015\projects\d3d11nt\d3d11nt\release\d3d11nt.tlog\cl.command.1.tlog
c:\users\agafontsev semyon\documents\visual studio 2015\projects\d3d11nt\d3d11nt\release\d3d11nt.tlog\cl.read.1.tlog
c:\users\agafontsev semyon\documents\visual studio 2015\projects\d3d11nt\d3d11nt\release\d3d11nt.tlog\cl.write.1.tlog
c:\users\agafontsev semyon\documents\visual studio 2015\projects\d3d11nt\d3d11nt\release\d3d11nt.tlog\link.command.1.tlog
c:\users\agafontsev semyon\documents\visual studio 2015\projects\d3d11nt\d3d11nt\release\d3d11nt.tlog\link.read.1.tlog
c:\users\agafontsev semyon\documents\visual studio 2015\projects\d3d11nt\d3d11nt\release\d3d11nt.tlog\link.write.1.tlog
