Build started 14.08.2016 21:02:50.
     1>Project "C:\Users\Agafontsev Semyon\Documents\Visual Studio 2015\Projects\d3d11nt\d3d11nt\d3d11nt.vcxproj" on node 2 (Build target(s)).
     1>ClCompile:
         C:\Program Files (x86)\Microsoft Visual Studio 14.0\VC\bin\x86_amd64\CL.exe /c /ZI /nologo /W3 /WX- /sdl /Od /D _DEBUG /D _CONSOLE /D _UNICODE /D UNICODE /Gm /EHsc /RTC1 /MDd /GS /Zc:wchar_t /Zc:forScope /Zc:inline /Yc"stdafx.h" /Fp"x64\Debug\d3d11nt.pch" /Fo"x64\Debug\\" /Fd"x64\Debug\vc140.pdb" /Gd /TP /errorReport:prompt stdafx.cpp
         stdafx.cpp
         C:\Program Files (x86)\Microsoft Visual Studio 14.0\VC\bin\x86_amd64\CL.exe /c /ZI /nologo /W3 /WX- /sdl /Od /D _DEBUG /D _CONSOLE /D _UNICODE /D UNICODE /Gm /EHsc /RTC1 /MDd /GS /Zc:wchar_t /Zc:forScope /Zc:inline /Yu"stdafx.h" /Fp"x64\Debug\d3d11nt.pch" /Fo"x64\Debug\\" /Fd"x64\Debug\vc140.pdb" /Gd /TP /errorReport:prompt CommandLineArgs.cpp d3d11nt.cpp DisplayAdaptersList.cpp errorcodesinterpreteutil.cpp GraphicsDevice.cpp GraphicsOptions.cpp GraphicsSurface.cpp GraphicsSwapChain.cpp GraphicsViewport.cpp IniSerializable.cpp InitializeInfo.cpp Log.cpp multisampleutils.cpp RenderSet.cpp strutils.cpp Texture2D.cpp Window.cpp
         Window.cpp
     1>c:\users\agafontsev semyon\documents\visual studio 2015\projects\d3d11nt\d3d11nt\areahelper.h(24): warning C4267: 'argument': conversion from 'size_t' to 'int', possible loss of data
     1>c:\users\agafontsev semyon\documents\visual studio 2015\projects\d3d11nt\d3d11nt\areahelper.h(25): warning C4267: 'argument': conversion from 'size_t' to 'int', possible loss of data
     1>c:\users\agafontsev semyon\documents\visual studio 2015\projects\d3d11nt\d3d11nt\window.cpp(77): warning C4267: 'argument': conversion from 'size_t' to 'int', possible loss of data
     1>c:\users\agafontsev semyon\documents\visual studio 2015\projects\d3d11nt\d3d11nt\window.cpp(88): warning C4311: 'type cast': pointer truncation from 'Window *' to 'LONG'
     1>c:\users\agafontsev semyon\documents\visual studio 2015\projects\d3d11nt\d3d11nt\window.cpp(88): warning C4302: 'type cast': truncation from 'Window *' to 'LONG'
     1>c:\users\agafontsev semyon\documents\visual studio 2015\projects\d3d11nt\d3d11nt\window.cpp(169): error C2065: 'GWL_HINSTANCE': undeclared identifier
     1>c:\users\agafontsev semyon\documents\visual studio 2015\projects\d3d11nt\d3d11nt\window.cpp(181): warning C4312: 'type cast': conversion from 'LONG' to 'Window *' of greater size
         Texture2D.cpp
     1>c:\users\agafontsev semyon\documents\visual studio 2015\projects\d3d11nt\d3d11nt\texture2d.cpp(54): warning C4267: '=': conversion from 'size_t' to 'UINT', possible loss of data
     1>c:\users\agafontsev semyon\documents\visual studio 2015\projects\d3d11nt\d3d11nt\texture2d.cpp(55): warning C4267: '=': conversion from 'size_t' to 'UINT', possible loss of data
         strutils.cpp
         RenderSet.cpp
     1>c:\users\agafontsev semyon\documents\visual studio 2015\projects\d3d11nt\d3d11nt\areahelper.h(24): warning C4267: 'argument': conversion from 'size_t' to 'int', possible loss of data
     1>c:\users\agafontsev semyon\documents\visual studio 2015\projects\d3d11nt\d3d11nt\areahelper.h(25): warning C4267: 'argument': conversion from 'size_t' to 'int', possible loss of data
         multisampleutils.cpp
         Log.cpp
         InitializeInfo.cpp
         IniSerializable.cpp
         GraphicsViewport.cpp
     1>c:\users\agafontsev semyon\documents\visual studio 2015\projects\d3d11nt\d3d11nt\areahelper.h(24): warning C4267: 'argument': conversion from 'size_t' to 'int', possible loss of data
     1>c:\users\agafontsev semyon\documents\visual studio 2015\projects\d3d11nt\d3d11nt\areahelper.h(25): warning C4267: 'argument': conversion from 'size_t' to 'int', possible loss of data
     1>c:\users\agafontsev semyon\documents\visual studio 2015\projects\d3d11nt\d3d11nt\graphicsviewport.cpp(40): warning C4244: '=': conversion from 'int' to 'FLOAT', possible loss of data
     1>c:\users\agafontsev semyon\documents\visual studio 2015\projects\d3d11nt\d3d11nt\graphicsviewport.cpp(41): warning C4244: '=': conversion from 'int' to 'FLOAT', possible loss of data
     1>c:\users\agafontsev semyon\documents\visual studio 2015\projects\d3d11nt\d3d11nt\graphicsviewport.cpp(42): warning C4244: '=': conversion from 'size_t' to 'FLOAT', possible loss of data
     1>c:\users\agafontsev semyon\documents\visual studio 2015\projects\d3d11nt\d3d11nt\graphicsviewport.cpp(43): warning C4244: '=': conversion from 'size_t' to 'FLOAT', possible loss of data
         GraphicsSwapChain.cpp
     1>c:\users\agafontsev semyon\documents\visual studio 2015\projects\d3d11nt\d3d11nt\areahelper.h(24): warning C4267: 'argument': conversion from 'size_t' to 'int', possible loss of data
     1>c:\users\agafontsev semyon\documents\visual studio 2015\projects\d3d11nt\d3d11nt\areahelper.h(25): warning C4267: 'argument': conversion from 'size_t' to 'int', possible loss of data
     1>c:\users\agafontsev semyon\documents\visual studio 2015\projects\d3d11nt\d3d11nt\graphicsswapchain.cpp(57): warning C4267: '=': conversion from 'size_t' to 'UINT', possible loss of data
     1>c:\users\agafontsev semyon\documents\visual studio 2015\projects\d3d11nt\d3d11nt\graphicsswapchain.cpp(58): warning C4267: '=': conversion from 'size_t' to 'UINT', possible loss of data
         GraphicsSurface.cpp
         GraphicsOptions.cpp
         GraphicsDevice.cpp
     1>c:\users\agafontsev semyon\documents\visual studio 2015\projects\d3d11nt\d3d11nt\graphicsdevice.cpp(47): warning C4267: 'argument': conversion from 'size_t' to 'UINT', possible loss of data
         errorcodesinterpreteutil.cpp
         DisplayAdaptersList.cpp
         d3d11nt.cpp
     1>c:\users\agafontsev semyon\documents\visual studio 2015\projects\d3d11nt\d3d11nt\areahelper.h(24): warning C4267: 'argument': conversion from 'size_t' to 'int', possible loss of data
     1>c:\users\agafontsev semyon\documents\visual studio 2015\projects\d3d11nt\d3d11nt\areahelper.h(25): warning C4267: 'argument': conversion from 'size_t' to 'int', possible loss of data
     1>c:\users\agafontsev semyon\documents\visual studio 2015\projects\d3d11nt\d3d11nt\d3d11nt.cpp(55): warning C4305: '+=': truncation from 'double' to 'float'
     1>c:\users\agafontsev semyon\documents\visual studio 2015\projects\d3d11nt\d3d11nt\d3d11nt.cpp(46): warning C4101: 'desc': unreferenced local variable
         CommandLineArgs.cpp
         Generating Code...
     1>Done Building Project "C:\Users\Agafontsev Semyon\Documents\Visual Studio 2015\Projects\d3d11nt\d3d11nt\d3d11nt.vcxproj" (Build target(s)) -- FAILED.

Build FAILED.

Time Elapsed 00:00:17.96
