c:\users\agafontsev semyon\documents\visual studio 2015\projects\d3d11nt\d3d11nt\debug\d3d11nt.pch
c:\users\agafontsev semyon\documents\visual studio 2015\projects\d3d11nt\d3d11nt\debug\vc140.pdb
c:\users\agafontsev semyon\documents\visual studio 2015\projects\d3d11nt\d3d11nt\debug\vc140.idb
c:\users\agafontsev semyon\documents\visual studio 2015\projects\d3d11nt\d3d11nt\debug\stdafx.obj
c:\users\agafontsev semyon\documents\visual studio 2015\projects\d3d11nt\d3d11nt\debug\commandlineargs.obj
c:\users\agafontsev semyon\documents\visual studio 2015\projects\d3d11nt\d3d11nt\debug\d3d11nt.obj
c:\users\agafontsev semyon\documents\visual studio 2015\projects\d3d11nt\d3d11nt\debug\displayadapterslist.obj
c:\users\agafontsev semyon\documents\visual studio 2015\projects\d3d11nt\d3d11nt\debug\errorcodesinterpreteutil.obj
c:\users\agafontsev semyon\documents\visual studio 2015\projects\d3d11nt\d3d11nt\debug\graphicsdevice.obj
c:\users\agafontsev semyon\documents\visual studio 2015\projects\d3d11nt\d3d11nt\debug\graphicsoptions.obj
c:\users\agafontsev semyon\documents\visual studio 2015\projects\d3d11nt\d3d11nt\debug\graphicssurface.obj
c:\users\agafontsev semyon\documents\visual studio 2015\projects\d3d11nt\d3d11nt\debug\graphicsswapchain.obj
c:\users\agafontsev semyon\documents\visual studio 2015\projects\d3d11nt\d3d11nt\debug\graphicsviewport.obj
c:\users\agafontsev semyon\documents\visual studio 2015\projects\d3d11nt\d3d11nt\debug\iniserializable.obj
c:\users\agafontsev semyon\documents\visual studio 2015\projects\d3d11nt\d3d11nt\debug\initializeinfo.obj
c:\users\agafontsev semyon\documents\visual studio 2015\projects\d3d11nt\d3d11nt\debug\log.obj
c:\users\agafontsev semyon\documents\visual studio 2015\projects\d3d11nt\d3d11nt\debug\multisampleutils.obj
c:\users\agafontsev semyon\documents\visual studio 2015\projects\d3d11nt\d3d11nt\debug\renderset.obj
c:\users\agafontsev semyon\documents\visual studio 2015\projects\d3d11nt\d3d11nt\debug\strutils.obj
c:\users\agafontsev semyon\documents\visual studio 2015\projects\d3d11nt\d3d11nt\debug\texture2d.obj
c:\users\agafontsev semyon\documents\visual studio 2015\projects\d3d11nt\d3d11nt\debug\window.obj
c:\users\agafontsev semyon\documents\visual studio 2015\projects\d3d11nt\d3d11nt\debug\inifile.obj
c:\users\agafontsev semyon\documents\visual studio 2015\projects\d3d11nt\d3d11nt\debug\bigchunkallocator.obj
c:\users\agafontsev semyon\documents\visual studio 2015\projects\d3d11nt\d3d11nt\debug\smallchunkallocator.obj
c:\users\agafontsev semyon\documents\visual studio 2015\projects\d3d11nt\d3d11nt\debug\memutils.obj
c:\users\agafontsev semyon\documents\visual studio 2015\projects\d3d11nt\d3d11nt\debug\memorymanager.obj
c:\users\agafontsev semyon\documents\visual studio 2015\projects\d3d11nt\debug\d3d11nt.ilk
c:\users\agafontsev semyon\documents\visual studio 2015\projects\d3d11nt\debug\d3d11nt.exe
c:\users\agafontsev semyon\documents\visual studio 2015\projects\d3d11nt\debug\d3d11nt.pdb
c:\users\agafontsev semyon\documents\visual studio 2015\projects\d3d11nt\d3d11nt\debug\d3d11nt.tlog\cl.command.1.tlog
c:\users\agafontsev semyon\documents\visual studio 2015\projects\d3d11nt\d3d11nt\debug\d3d11nt.tlog\cl.read.1.tlog
c:\users\agafontsev semyon\documents\visual studio 2015\projects\d3d11nt\d3d11nt\debug\d3d11nt.tlog\cl.write.1.tlog
c:\users\agafontsev semyon\documents\visual studio 2015\projects\d3d11nt\d3d11nt\debug\d3d11nt.tlog\link.command.1.tlog
c:\users\agafontsev semyon\documents\visual studio 2015\projects\d3d11nt\d3d11nt\debug\d3d11nt.tlog\link.read.1.tlog
c:\users\agafontsev semyon\documents\visual studio 2015\projects\d3d11nt\d3d11nt\debug\d3d11nt.tlog\link.write.1.tlog
